24/5/2015:13:2:30: unknown client route register
24/5/2015:13:3:14: unknown client route register
24/5/2015:13:3:41: unknown client route register
24/5/2015:13:5:6: unknown client route register
24/5/2015:13:6:46: unknown client route register
24/5/2015:13:6:50: unknown client route register
24/5/2015:13:7:7: unknown client route register
24/5/2015:13:10:4: unknown client route register
24/5/2015:13:10:36: unknown client route register
24/5/2015:13:11:3: unknown client route register
24/5/2015:13:12:16: unknown client route register
24/5/2015:13:13:37: unknown client route register
24/5/2015:13:14:13: unknown client route register
24/5/2015:13:14:23: unknown client route register
24/5/2015:13:14:36: unknown client route register
24/5/2015:13:16:21: unknown client route register
24/5/2015:13:17:2: unknown client route register
24/5/2015:13:17:49: unknown client route register
24/5/2015:13:19:48: unknown client route register
24/5/2015:13:19:54: unknown client route register
24/5/2015:13:20:48: unknown client route register
24/5/2015:13:21:7: unknown client route register
24/5/2015:13:21:34: unknown client route register
24/5/2015:13:21:38: unknown client route register
24/5/2015:13:26:41: unknown client route register
24/5/2015:13:26:45: unknown client route register
24/5/2015:13:27:1: unknown client route register
24/5/2015:13:30:27: unknown client route register
24/5/2015:13:40:34: unknown client route register
24/5/2015:13:44:40: unknown client route register
24/5/2015:13:47:13: unknown client route register
24/5/2015:13:47:25: unknown client route register
24/5/2015:13:47:27: unknown client route register
24/5/2015:13:47:32: unknown client route register
24/5/2015:13:47:38: unknown client route register
24/5/2015:13:47:40: unknown client route register
24/5/2015:13:49:3: unknown client route register
24/5/2015:13:50:10: unknown client route register
24/5/2015:13:50:15: unknown client route register
24/5/2015:13:52:26: unknown client route register
24/5/2015:13:52:32: unknown client route register
24/5/2015:13:52:41: unknown client route register
24/5/2015:13:52:43: unknown client route register
24/5/2015:13:52:54: unknown client route register
24/5/2015:13:53:26: unknown client route register
24/5/2015:13:53:29: unknown client route register
24/5/2015:13:54:2: unknown client route register
24/5/2015:13:54:30: unknown client route register
24/5/2015:13:54:53: unknown client route register
24/5/2015:13:55:6: unknown client route register
24/5/2015:13:55:16: unknown client route register
24/5/2015:13:56:27: unknown client route register
24/5/2015:13:56:49: unknown client route register
24/5/2015:13:57:22: unknown client route register
24/5/2015:13:57:32: unknown client route register
24/5/2015:13:58:7: unknown client route register
24/5/2015:13:58:19: unknown client route register
24/5/2015:13:58:48: unknown client route register
24/5/2015:13:58:56: unknown client route register
24/5/2015:14:0:12: unknown client route register
24/5/2015:14:0:38: unknown client route register
24/5/2015:14:0:59: unknown client route register
24/5/2015:14:2:48: unknown client route register
24/5/2015:14:3:33: unknown client route register
24/5/2015:14:3:35: unknown client route register
24/5/2015:14:3:52: unknown client route register
24/5/2015:14:4:13: unknown client route register
24/5/2015:14:4:15: unknown client route register
24/5/2015:14:4:16: unknown client route register
24/5/2015:14:4:17: unknown client route register
24/5/2015:14:4:26: unknown client route register
24/5/2015:14:5:8: unknown client route register
24/5/2015:14:5:25: unknown client route register
24/5/2015:14:6:12: unknown client route register
24/5/2015:14:6:13: unknown client route register
24/5/2015:14:6:15: unknown client route register
24/5/2015:14:6:20: unknown client route register
24/5/2015:14:9:42: unknown client route register
24/5/2015:14:14:48: unknown client route register
24/5/2015:14:17:22: unknown client route register
24/5/2015:14:18:32: unknown client route register
24/5/2015:14:18:58: unknown client route register
24/5/2015:14:20:2: unknown client route register
24/5/2015:14:20:3: unknown client route register
24/5/2015:14:20:49: unknown client route register
24/5/2015:14:21:12: unknown client route register
24/5/2015:14:21:19: unknown client route register
24/5/2015:14:21:25: unknown client route register
24/5/2015:14:21:46: unknown client route register
24/5/2015:14:21:52: unknown client route login
24/5/2015:14:21:52: unknown client route login
24/5/2015:14:23:5: unknown client route register
24/5/2015:14:23:32: unknown client route register
24/5/2015:14:24:58: unknown client route register
24/5/2015:14:25:29: unknown client route register
24/5/2015:14:25:58: unknown client route register
24/5/2015:14:27:26: unknown client route register
24/5/2015:14:27:38: unknown client route register
24/5/2015:14:31:14: unknown client route register
24/5/2015:14:32:2: unknown client route register
24/5/2015:14:32:35: unknown client route register
24/5/2015:14:33:15: unknown client route register
24/5/2015:14:35:28: unknown client route register
24/5/2015:14:35:36: unknown client route register
24/5/2015:14:37:22: unknown client route register
24/5/2015:14:38:19: unknown client route register
24/5/2015:14:38:32: unknown client route register
24/5/2015:14:39:5: unknown client route register
24/5/2015:14:39:23: unknown client route register
24/5/2015:14:40:5: unknown client route register
24/5/2015:14:40:40: unknown client route register
24/5/2015:14:40:56: unknown client route register
24/5/2015:14:41:32: unknown client route register
24/5/2015:14:41:59: unknown client route register
24/5/2015:14:45:52: unknown client route register
24/5/2015:14:47:5: unknown client route register
24/5/2015:14:48:24: unknown client route register
24/5/2015:14:48:48: unknown client route register
24/5/2015:14:50:57: unknown client route register
24/5/2015:14:51:11: unknown client route register
24/5/2015:14:51:39: unknown client route register
24/5/2015:14:52:33: unknown client route register
24/5/2015:14:53:6: unknown client route register
24/5/2015:14:53:23: unknown client route register
24/5/2015:14:55:8: unknown client route register
24/5/2015:14:55:23: unknown client route register
24/5/2015:14:56:16: unknown client route register
24/5/2015:14:56:27: unknown client route register
24/5/2015:14:59:2: unknown client route register
24/5/2015:15:0:12: unknown client route register
24/5/2015:15:1:7: unknown client route ass
24/5/2015:15:1:7: unknown client route ass
25/5/2015:16:14:24: could not load XML file: ReferenceError: performance is not defined
25/5/2015:16:15:4: could not load XML file: ReferenceError: performance is not defined
25/5/2015:16:18:5: could not load XML file: Error: ENOENT, no such file or directory '/home/bargepole/codeProjects/dfs3/dfsPackages/vibus/composition.xml'
25/5/2015:16:19:23: could not load XML file: ReferenceError: performance is not defined
25/5/2015:16:39:7: could not load XML file: ReferenceError: performance is not defined
25/5/2015:16:41:12: could not load XML file: ReferenceError: performance is not defined
25/5/2015:16:48:23: could not load XML file: ReferenceError: performance is not defined
25/5/2015:16:48:23: static time script execution error: ReferenceError: self is not defined
25/5/2015:16:49:11: could not load XML file: ReferenceError: performance is not defined
25/5/2015:16:49:11: static time script execution error: ReferenceError: self is not defined
25/5/2015:16:49:34: could not load XML file: ReferenceError: performance is not defined
25/5/2015:16:49:34: static time script execution error: ReferenceError: self is not defined
25/5/2015:16:50:10: could not load XML file: ReferenceError: performance is not defined
25/5/2015:16:50:10: static time script execution error: ReferenceError: self is not defined
25/5/2015:16:51:13: could not load XML file: ReferenceError: performance is not defined
25/5/2015:16:51:13: static time script execution error: ReferenceError: self is not defined
25/5/2015:16:51:47: could not load XML file: ReferenceError: performance is not defined
25/5/2015:16:52:13: could not load XML file: ReferenceError: performance is not defined
25/5/2015:16:54:23: could not load XML file: ReferenceError: performance is not defined
25/5/2015:16:54:48: could not load XML file: ReferenceError: performance is not defined
25/5/2015:16:55:26: could not load XML file: ReferenceError: performance is not defined
25/5/2015:16:56:49: could not load XML file: ReferenceError: performance is not defined
25/5/2015:16:57:0: could not load XML file: ReferenceError: performance is not defined
25/5/2015:16:57:16: could not load XML file: ReferenceError: performance is not defined
25/5/2015:16:57:20: could not load XML file: ReferenceError: performance is not defined
25/5/2015:16:57:23: could not load XML file: ReferenceError: performance is not defined
25/5/2015:16:58:14: could not load XML file: ReferenceError: performance is not defined
25/5/2015:16:58:49: could not load XML file: ReferenceError: performance is not defined
25/5/2015:16:59:11: could not load XML file: ReferenceError: performance is not defined
25/5/2015:16:59:30: could not load XML file: ReferenceError: performance is not defined
25/5/2015:16:59:41: could not load XML file: ReferenceError: performance is not defined
25/5/2015:16:59:59: could not load XML file: ReferenceError: performance is not defined
25/5/2015:17:0:7: could not load XML file: ReferenceError: performance is not defined
25/5/2015:17:0:32: could not load XML file: ReferenceError: performance is not defined
25/5/2015:17:0:53: could not load XML file: ReferenceError: performance is not defined
25/5/2015:17:1:7: could not load XML file: ReferenceError: performance is not defined
25/5/2015:17:2:17: could not load XML file: ReferenceError: performance is not defined
25/5/2015:17:3:2: could not load XML file: ReferenceError: performance is not defined
25/5/2015:17:4:42: could not load XML file: ReferenceError: performance is not defined
25/5/2015:17:5:4: could not load XML file: ReferenceError: performance is not defined
25/5/2015:17:5:24: could not load XML file: ReferenceError: performance is not defined
25/5/2015:17:6:1: could not load XML file: ReferenceError: performance is not defined
25/5/2015:17:6:20: could not load XML file: ReferenceError: performance is not defined
25/5/2015:17:6:45: could not load XML file: ReferenceError: performance is not defined
25/5/2015:17:7:34: could not load XML file: ReferenceError: performance is not defined
25/5/2015:17:8:33: could not load XML file: ReferenceError: performance is not defined
25/5/2015:17:9:20: could not load XML file: ReferenceError: performance is not defined
25/5/2015:17:11:30: could not load XML file: ReferenceError: performance is not defined
25/5/2015:17:11:51: could not load XML file: ReferenceError: performance is not defined
25/5/2015:17:11:56: could not load XML file: ReferenceError: performance is not defined
25/5/2015:17:12:9: could not load XML file: ReferenceError: performance is not defined
25/5/2015:21:47:24: unknown client route su
25/5/2015:22:46:47: unknown client route inspector
26/5/2015:1:47:21: unknown client route quitRole
26/5/2015:3:29:49: admin is not ready
26/5/2015:3:30:7: admin is not ready
26/5/2015:3:30:42: admin is not ready
26/5/2015:3:33:48: admin is not ready
26/5/2015:3:35:16: admin is not ready
26/5/2015:3:36:45: admin is not ready
26/5/2015:17:15:39: unknown client route cache
26/5/2015:17:15:39: unknown client route cache
26/5/2015:17:15:39: unknown client route cache
26/5/2015:17:16:56: unknown client route cache
26/5/2015:17:16:56: unknown client route cache
26/5/2015:17:16:56: unknown client route cache
26/5/2015:17:41:51: unknown client route cache
26/5/2015:17:41:51: unknown client route cache
26/5/2015:17:41:51: unknown client route cache
26/5/2015:17:41:59: event acknowledgement delayed by more than 50ms
26/5/2015:17:42:2: event acknowledgement delayed by more than 50ms
26/5/2015:17:49:48: unknown client route cache
26/5/2015:17:49:48: unknown client route cache
26/5/2015:17:49:48: unknown client route cache
26/5/2015:17:49:59: event acknowledgement delayed by more than 50ms
26/5/2015:17:51:5: unknown client route cache
26/5/2015:17:51:5: unknown client route cache
26/5/2015:17:51:5: unknown client route cache
26/5/2015:17:51:15: event acknowledgement delayed by more than 50ms
26/5/2015:17:51:16: event acknowledgement delayed by more than 50ms
26/5/2015:17:51:39: unknown client route cache
26/5/2015:17:51:39: unknown client route cache
26/5/2015:17:51:39: unknown client route cache
26/5/2015:17:51:49: event acknowledgement delayed by more than 50ms
26/5/2015:17:59:44: unknown client route cache
26/5/2015:17:59:44: unknown client route cache
26/5/2015:17:59:44: unknown client route cache
26/5/2015:17:59:51: event acknowledgement delayed by more than 50ms
26/5/2015:17:59:52: event acknowledgement delayed by more than 50ms
26/5/2015:18:0:41: unknown client route cache
26/5/2015:18:0:41: unknown client route cache
26/5/2015:18:0:41: unknown client route cache
26/5/2015:18:0:42: event acknowledgement delayed by more than 50ms
26/5/2015:18:0:42: event acknowledgement delayed by more than 50ms
26/5/2015:18:0:43: event acknowledgement delayed by more than 50ms
26/5/2015:18:0:45: event acknowledgement delayed by more than 50ms
26/5/2015:18:0:49: event acknowledgement delayed by more than 50ms
26/5/2015:18:1:49: unknown client route cache
26/5/2015:18:1:49: unknown client route cache
26/5/2015:18:1:49: unknown client route cache
26/5/2015:18:1:51: event acknowledgement delayed by more than 50ms
26/5/2015:18:1:51: event acknowledgement delayed by more than 50ms
26/5/2015:18:2:39: unknown client route cache
26/5/2015:18:2:39: unknown client route cache
26/5/2015:18:2:39: unknown client route cache
26/5/2015:18:2:41: event acknowledgement delayed by more than 50ms
26/5/2015:18:3:23: unknown client route cache
26/5/2015:18:3:23: unknown client route cache
26/5/2015:18:3:23: unknown client route cache
26/5/2015:18:7:22: unknown client route cache
26/5/2015:18:7:22: unknown client route cache
26/5/2015:18:7:22: unknown client route cache
26/5/2015:18:7:23: event acknowledgement delayed by more than 50ms
26/5/2015:18:7:23: event acknowledgement delayed by more than 50ms
26/5/2015:18:11:23: unknown client route cache
26/5/2015:18:11:23: unknown client route cache
26/5/2015:18:11:23: unknown client route cache
26/5/2015:18:11:25: event acknowledgement delayed by more than 50ms
26/5/2015:18:11:26: event acknowledgement delayed by more than 50ms
26/5/2015:18:11:27: event acknowledgement delayed by more than 50ms
26/5/2015:18:11:28: event acknowledgement delayed by more than 50ms
26/5/2015:18:11:31: event acknowledgement delayed by more than 50ms
26/5/2015:18:11:32: event acknowledgement delayed by more than 50ms
26/5/2015:18:13:3: unknown client route cache
26/5/2015:18:13:3: unknown client route cache
26/5/2015:18:13:3: unknown client route cache
26/5/2015:18:13:7: event acknowledgement delayed by more than 50ms
26/5/2015:18:13:8: event acknowledgement delayed by more than 50ms
26/5/2015:18:13:10: event acknowledgement delayed by more than 50ms
26/5/2015:18:13:15: event acknowledgement delayed by more than 50ms
26/5/2015:18:14:14: unknown client route cache
26/5/2015:18:14:14: unknown client route cache
26/5/2015:18:14:14: unknown client route cache
26/5/2015:18:14:18: event acknowledgement delayed by more than 50ms
26/5/2015:18:15:57: unknown client route cache
26/5/2015:18:15:57: unknown client route cache
26/5/2015:18:15:57: unknown client route cache
26/5/2015:18:15:58: event acknowledgement delayed by more than 50ms
26/5/2015:18:16:1: event acknowledgement delayed by more than 50ms
26/5/2015:18:24:39: unknown client route cache
26/5/2015:18:24:39: unknown client route cache
26/5/2015:18:24:39: unknown client route cache
26/5/2015:18:24:43: event acknowledgement delayed by more than 50ms
26/5/2015:18:26:11: event acknowledgement delayed by more than 50ms
26/5/2015:18:26:12: event acknowledgement delayed by more than 50ms
26/5/2015:18:28:46: unknown admin route performanceState
26/5/2015:18:34:10: event acknowledgement delayed by more than 50ms
26/5/2015:18:34:19: event acknowledgement delayed by more than 50ms
26/5/2015:18:38:18: event acknowledgement delayed by more than 50ms
26/5/2015:18:38:27: event acknowledgement delayed by more than 50ms
26/5/2015:18:39:25: event acknowledgement delayed by more than 50ms
26/5/2015:18:44:33: event acknowledgement delayed by more than 50ms
26/5/2015:18:44:34: event acknowledgement delayed by more than 50ms
26/5/2015:18:49:28: event acknowledgement delayed by more than 50ms
26/5/2015:18:54:12: event acknowledgement delayed by more than 50ms
26/5/2015:18:54:13: event acknowledgement delayed by more than 50ms
26/5/2015:18:56:15: event acknowledgement delayed by more than 50ms
26/5/2015:18:57:40: event acknowledgement delayed by more than 50ms
26/5/2015:19:5:9: event acknowledgement delayed by more than 50ms
26/5/2015:19:5:11: event acknowledgement delayed by more than 50ms
26/5/2015:19:5:14: event acknowledgement delayed by more than 50ms
26/5/2015:19:5:15: event acknowledgement delayed by more than 50ms
26/5/2015:19:5:17: event acknowledgement delayed by more than 50ms
26/5/2015:19:8:32: event acknowledgement delayed by more than 50ms
26/5/2015:19:8:43: event acknowledgement delayed by more than 50ms
26/5/2015:19:9:11: event acknowledgement delayed by more than 50ms
26/5/2015:19:9:45: unknown admin route kick
26/5/2015:19:12:28: event acknowledgement delayed by more than 50ms
26/5/2015:19:12:37: event acknowledgement delayed by more than 50ms
26/5/2015:19:14:5: event acknowledgement delayed by more than 50ms
26/5/2015:19:14:11: event acknowledgement delayed by more than 50ms
26/5/2015:19:14:13: event acknowledgement delayed by more than 50ms
26/5/2015:19:14:41: event acknowledgement delayed by more than 50ms
26/5/2015:19:16:5: event acknowledgement delayed by more than 50ms
26/5/2015:19:19:20: event acknowledgement delayed by more than 50ms
26/5/2015:19:19:56: event acknowledgement delayed by more than 50ms
26/5/2015:19:20:8: event acknowledgement delayed by more than 50ms
26/5/2015:19:24:31: event acknowledgement delayed by more than 50ms
26/5/2015:19:24:42: event acknowledgement delayed by more than 50ms
26/5/2015:19:25:30: event acknowledgement delayed by more than 50ms
26/5/2015:19:25:35: event acknowledgement delayed by more than 50ms
26/5/2015:19:25:36: event acknowledgement delayed by more than 50ms
26/5/2015:19:26:53: event acknowledgement delayed by more than 50ms
26/5/2015:19:27:3: event acknowledgement delayed by more than 50ms
26/5/2015:19:28:10: event acknowledgement delayed by more than 50ms
26/5/2015:19:28:20: event acknowledgement delayed by more than 50ms
26/5/2015:19:28:23: event acknowledgement delayed by more than 50ms
26/5/2015:19:30:42: event acknowledgement delayed by more than 50ms
26/5/2015:19:30:47: event acknowledgement delayed by more than 50ms
26/5/2015:19:30:54: event acknowledgement delayed by more than 50ms
26/5/2015:19:30:55: event acknowledgement delayed by more than 50ms
26/5/2015:19:38:4: event acknowledgement delayed by more than 50ms
26/5/2015:19:38:13: event acknowledgement delayed by more than 50ms
26/5/2015:19:39:20: event acknowledgement delayed by more than 50ms
26/5/2015:19:39:29: event acknowledgement delayed by more than 50ms
26/5/2015:19:40:8: event acknowledgement delayed by more than 50ms
26/5/2015:19:40:10: event acknowledgement delayed by more than 50ms
26/5/2015:19:40:18: event acknowledgement delayed by more than 50ms
26/5/2015:19:40:21: event acknowledgement delayed by more than 50ms
26/5/2015:19:41:3: event acknowledgement delayed by more than 50ms
26/5/2015:19:42:18: event acknowledgement delayed by more than 50ms
26/5/2015:19:42:23: event acknowledgement delayed by more than 50ms
26/5/2015:20:18:39: event acknowledgement delayed by more than 50ms
26/5/2015:20:18:41: event acknowledgement delayed by more than 50ms
26/5/2015:20:18:53: event acknowledgement delayed by more than 50ms
26/5/2015:20:18:54: event acknowledgement delayed by more than 50ms
26/5/2015:20:23:2: event acknowledgement delayed by more than 50ms
26/5/2015:20:23:3: event acknowledgement delayed by more than 50ms
26/5/2015:20:47:54: event acknowledgement delayed by more than 50ms
26/5/2015:20:48:4: event acknowledgement delayed by more than 50ms
26/5/2015:20:48:8: event acknowledgement delayed by more than 50ms
26/5/2015:20:56:0: event acknowledgement delayed by more than 50ms
26/5/2015:20:56:1: event acknowledgement delayed by more than 50ms
26/5/2015:20:56:2: event acknowledgement delayed by more than 50ms
26/5/2015:20:56:3: event acknowledgement delayed by more than 50ms
26/5/2015:20:56:52: event acknowledgement delayed by more than 50ms
26/5/2015:20:56:59: event acknowledgement delayed by more than 50ms
26/5/2015:20:57:0: event acknowledgement delayed by more than 50ms
26/5/2015:20:57:0: event acknowledgement delayed by more than 50ms
26/5/2015:20:57:2: event acknowledgement delayed by more than 50ms
26/5/2015:20:57:3: event acknowledgement delayed by more than 50ms
26/5/2015:20:57:5: event acknowledgement delayed by more than 50ms
26/5/2015:21:2:14: event acknowledgement delayed by more than 50ms
26/5/2015:21:2:15: event acknowledgement delayed by more than 50ms
26/5/2015:21:2:16: event acknowledgement delayed by more than 50ms
26/5/2015:21:2:17: event acknowledgement delayed by more than 50ms
26/5/2015:21:2:23: event acknowledgement delayed by more than 50ms
26/5/2015:21:2:24: event acknowledgement delayed by more than 50ms
26/5/2015:21:2:25: event acknowledgement delayed by more than 50ms
26/5/2015:21:2:26: event acknowledgement delayed by more than 50ms
26/5/2015:21:2:28: event acknowledgement delayed by more than 50ms
26/5/2015:21:2:28: event acknowledgement delayed by more than 50ms
26/5/2015:21:3:33: event acknowledgement delayed by more than 50ms
26/5/2015:21:3:35: event acknowledgement delayed by more than 50ms
26/5/2015:21:3:41: event acknowledgement delayed by more than 50ms
26/5/2015:21:3:42: event acknowledgement delayed by more than 50ms
26/5/2015:21:3:43: event acknowledgement delayed by more than 50ms
26/5/2015:21:3:44: event acknowledgement delayed by more than 50ms
26/5/2015:21:3:44: event acknowledgement delayed by more than 50ms
26/5/2015:21:3:45: event acknowledgement delayed by more than 50ms
26/5/2015:21:3:45: event acknowledgement delayed by more than 50ms
26/5/2015:21:3:46: event acknowledgement delayed by more than 50ms
26/5/2015:21:6:40: event acknowledgement delayed by more than 50ms
26/5/2015:21:6:42: event acknowledgement delayed by more than 50ms
26/5/2015:21:6:43: event acknowledgement delayed by more than 50ms
26/5/2015:21:6:47: event acknowledgement delayed by more than 50ms
26/5/2015:21:6:49: event acknowledgement delayed by more than 50ms
26/5/2015:21:6:52: event acknowledgement delayed by more than 50ms
26/5/2015:21:6:54: event acknowledgement delayed by more than 50ms
26/5/2015:21:6:54: event acknowledgement delayed by more than 50ms
26/5/2015:21:19:10: event acknowledgement delayed by more than 50ms
26/5/2015:21:19:11: event acknowledgement delayed by more than 50ms
26/5/2015:21:19:21: event acknowledgement delayed by more than 50ms
26/5/2015:21:19:22: event acknowledgement delayed by more than 50ms
26/5/2015:21:19:22: event acknowledgement delayed by more than 50ms
26/5/2015:21:19:23: event acknowledgement delayed by more than 50ms
26/5/2015:21:19:25: event acknowledgement delayed by more than 50ms
26/5/2015:21:23:11: event acknowledgement delayed by more than 50ms
26/5/2015:21:23:13: event acknowledgement delayed by more than 50ms
26/5/2015:21:23:14: event acknowledgement delayed by more than 50ms
26/5/2015:21:23:22: event acknowledgement delayed by more than 50ms
26/5/2015:21:23:23: event acknowledgement delayed by more than 50ms
26/5/2015:21:23:24: event acknowledgement delayed by more than 50ms
26/5/2015:21:23:25: event acknowledgement delayed by more than 50ms
26/5/2015:21:25:26: event acknowledgement delayed by more than 50ms
26/5/2015:21:25:29: event acknowledgement delayed by more than 50ms
26/5/2015:21:25:32: event acknowledgement delayed by more than 50ms
26/5/2015:21:25:38: event acknowledgement delayed by more than 50ms
26/5/2015:21:25:39: event acknowledgement delayed by more than 50ms
26/5/2015:21:25:40: event acknowledgement delayed by more than 50ms
26/5/2015:21:30:50: event acknowledgement delayed by more than 50ms
26/5/2015:21:30:55: event acknowledgement delayed by more than 50ms
26/5/2015:21:41:7: event acknowledgement delayed by more than 50ms
26/5/2015:21:41:10: event acknowledgement delayed by more than 50ms
26/5/2015:21:41:43: event acknowledgement delayed by more than 50ms
26/5/2015:21:41:50: event acknowledgement delayed by more than 50ms
26/5/2015:21:41:54: event acknowledgement delayed by more than 50ms
26/5/2015:21:41:55: event acknowledgement delayed by more than 50ms
26/5/2015:21:41:56: event acknowledgement delayed by more than 50ms
26/5/2015:21:45:7: event acknowledgement delayed by more than 50ms
26/5/2015:21:45:14: event acknowledgement delayed by more than 50ms
26/5/2015:21:45:17: event acknowledgement delayed by more than 50ms
26/5/2015:21:55:3: event acknowledgement delayed by more than 50ms
26/5/2015:22:3:8: event acknowledgement delayed by more than 50ms
26/5/2015:22:3:14: event acknowledgement delayed by more than 50ms
26/5/2015:22:4:8: event acknowledgement delayed by more than 50ms
26/5/2015:22:19:41: event acknowledgement delayed by more than 50ms
26/5/2015:22:19:42: event acknowledgement delayed by more than 50ms
26/5/2015:22:22:17: event acknowledgement delayed by more than 50ms
26/5/2015:22:22:28: event acknowledgement delayed by more than 50ms
26/5/2015:22:27:33: event acknowledgement delayed by more than 50ms
26/5/2015:22:30:16: event acknowledgement delayed by more than 50ms
26/5/2015:22:42:43: event acknowledgement delayed by more than 50ms
26/5/2015:22:42:50: event acknowledgement delayed by more than 50ms
26/5/2015:22:42:57: event acknowledgement delayed by more than 50ms
26/5/2015:22:42:59: event acknowledgement delayed by more than 50ms
26/5/2015:22:43:2: event acknowledgement delayed by more than 50ms
26/5/2015:22:43:3: event acknowledgement delayed by more than 50ms
26/5/2015:22:43:41: event acknowledgement delayed by more than 50ms
26/5/2015:22:43:45: event acknowledgement delayed by more than 50ms
26/5/2015:22:48:14: event acknowledgement delayed by more than 50ms
26/5/2015:22:48:21: event acknowledgement delayed by more than 50ms
26/5/2015:22:48:27: event acknowledgement delayed by more than 50ms
26/5/2015:22:50:43: event acknowledgement delayed by more than 50ms
26/5/2015:22:50:54: event acknowledgement delayed by more than 50ms
26/5/2015:22:50:59: event acknowledgement delayed by more than 50ms
26/5/2015:22:58:3: event acknowledgement delayed by more than 50ms
26/5/2015:22:58:5: event acknowledgement delayed by more than 50ms
26/5/2015:22:58:12: event acknowledgement delayed by more than 50ms
26/5/2015:23:4:4: event acknowledgement delayed by more than 50ms
31/5/2015:20:6:31: event acknowledgement delayed by more than 50ms
31/5/2015:20:6:32: event acknowledgement delayed by more than 50ms
31/5/2015:20:6:33: event acknowledgement delayed by more than 50ms
31/5/2015:20:6:34: event acknowledgement delayed by more than 50ms
31/5/2015:20:6:35: event acknowledgement delayed by more than 50ms
31/5/2015:20:6:36: event acknowledgement delayed by more than 50ms
31/5/2015:20:6:37: event acknowledgement delayed by more than 50ms
31/5/2015:20:6:38: event acknowledgement delayed by more than 50ms
31/5/2015:22:41:20: event acknowledgement delayed by more than 50ms
31/5/2015:22:41:20: event acknowledgement delayed by more than 50ms
31/5/2015:22:41:21: event acknowledgement delayed by more than 50ms
31/5/2015:22:41:21: event acknowledgement delayed by more than 50ms
31/5/2015:22:41:21: event acknowledgement delayed by more than 50ms
31/5/2015:22:41:23: event acknowledgement delayed by more than 50ms
31/5/2015:22:41:23: event acknowledgement delayed by more than 50ms
31/5/2015:22:41:23: event acknowledgement delayed by more than 50ms
31/5/2015:22:41:27: event acknowledgement delayed by more than 50ms
31/5/2015:22:41:27: event acknowledgement delayed by more than 50ms
31/5/2015:22:41:27: event acknowledgement delayed by more than 50ms
31/5/2015:22:41:28: event acknowledgement delayed by more than 50ms
31/5/2015:22:41:28: event acknowledgement delayed by more than 50ms
31/5/2015:22:41:28: event acknowledgement delayed by more than 50ms
1/6/2015:15:20:42: unknown client route objectState
1/6/2015:15:29:33: unknown client route userspaceEval
2/6/2015:2:37:51: admin is not ready
2/6/2015:2:40:38: admin is not ready
2/6/2015:2:40:38: axe is not ready
2/6/2015:2:41:5: admin is not ready
2/6/2015:2:41:5: axe is not ready
2/6/2015:2:43:16: admin is not ready
2/6/2015:2:43:16: axe is not ready
2/6/2015:2:49:43: default is not ready
2/6/2015:2:49:43: admin is not ready
2/6/2015:2:49:43: default is not ready
2/6/2015:3:54:14: aefef is not ready
2/6/2015:3:56:8: aefef is not ready
6/6/2015:22:10:18: event acknowledgement delayed by more than 50ms
6/6/2015:22:10:18: event acknowledgement delayed by more than 50ms
6/6/2015:22:10:18: event acknowledgement delayed by more than 50ms
6/6/2015:22:10:20: event acknowledgement delayed by more than 50ms
6/6/2015:22:10:20: event acknowledgement delayed by more than 50ms
6/6/2015:22:10:24: event acknowledgement delayed by more than 50ms
6/6/2015:22:23:16: event acknowledgement delayed by more than 50ms
6/6/2015:22:27:24: event acknowledgement delayed by more than 50ms
6/6/2015:22:27:24: event acknowledgement delayed by more than 50ms
6/6/2015:22:34:29: event acknowledgement delayed by more than 50ms
6/6/2015:22:39:12: event acknowledgement delayed by more than 50ms
7/6/2015:2:40:58: event acknowledgement delayed by more than 50ms
7/6/2015:2:41:1: event acknowledgement delayed by more than 50ms
7/6/2015:2:41:2: event acknowledgement delayed by more than 50ms
7/6/2015:2:41:2: event acknowledgement delayed by more than 50ms
7/6/2015:2:41:12: event acknowledgement delayed by more than 50ms
7/6/2015:2:48:40: event acknowledgement delayed by more than 50ms
7/6/2015:2:48:43: event acknowledgement delayed by more than 50ms
7/6/2015:2:51:7: event acknowledgement delayed by more than 50ms
7/6/2015:4:17:35: event acknowledgement delayed by more than 50ms
7/6/2015:4:19:20: admin is not ready
7/6/2015:4:23:20: default is not ready
7/6/2015:4:23:56: default is not ready
7/6/2015:13:35:48: admin is not ready
7/6/2015:18:35:44: admin is not ready
7/6/2015:18:35:44: admin is not ready
7/6/2015:19:22:3: event acknowledgement delayed by more than 50ms
7/6/2015:19:41:11: event acknowledgement delayed by more than 50ms
7/6/2015:19:43:34: event acknowledgement delayed by more than 50ms
7/6/2015:19:43:40: event acknowledgement delayed by more than 50ms
7/6/2015:19:45:40: event acknowledgement delayed by more than 50ms
7/6/2015:19:54:33: admin is not ready
7/6/2015:19:55:17: default is not ready
7/6/2015:19:56:5: event acknowledgement delayed by more than 50ms
7/6/2015:19:56:5: event acknowledgement delayed by more than 50ms
7/6/2015:19:56:6: event acknowledgement delayed by more than 50ms
7/6/2015:19:56:8: event acknowledgement delayed by more than 50ms
7/6/2015:19:56:8: event acknowledgement delayed by more than 50ms
7/6/2015:19:56:50: event acknowledgement delayed by more than 50ms
7/6/2015:20:23:22: event acknowledgement delayed by more than 50ms
7/6/2015:20:23:22: event acknowledgement delayed by more than 50ms
7/6/2015:20:23:48: event acknowledgement delayed by more than 50ms
7/6/2015:20:23:48: event acknowledgement delayed by more than 50ms
7/6/2015:20:23:48: event acknowledgement delayed by more than 50ms
7/6/2015:20:27:27: event acknowledgement delayed by more than 50ms
7/6/2015:20:27:27: event acknowledgement delayed by more than 50ms
7/6/2015:20:27:51: event acknowledgement delayed by more than 50ms
7/6/2015:20:28:1: event acknowledgement delayed by more than 50ms
7/6/2015:20:28:7: event acknowledgement delayed by more than 50ms
7/6/2015:20:28:14: event acknowledgement delayed by more than 50ms
7/6/2015:20:28:14: event acknowledgement delayed by more than 50ms
7/6/2015:20:28:14: event acknowledgement delayed by more than 50ms
7/6/2015:20:29:49: default is not ready
7/6/2015:20:30:19: event acknowledgement delayed by more than 50ms
7/6/2015:20:30:49: event acknowledgement delayed by more than 50ms
7/6/2015:20:58:20: event acknowledgement delayed by more than 50ms
7/6/2015:21:0:45: event acknowledgement delayed by more than 50ms
7/6/2015:21:3:28: admin is not ready
7/6/2015:21:3:57: event acknowledgement delayed by more than 50ms
7/6/2015:21:5:22: event acknowledgement delayed by more than 50ms
7/6/2015:21:10:24: event acknowledgement delayed by more than 50ms
7/6/2015:21:11:49: event acknowledgement delayed by more than 50ms
7/6/2015:21:11:52: event acknowledgement delayed by more than 50ms
7/6/2015:21:13:49: event acknowledgement delayed by more than 50ms
7/6/2015:21:13:52: event acknowledgement delayed by more than 50ms
7/6/2015:21:15:33: event acknowledgement delayed by more than 50ms
7/6/2015:21:17:58: event acknowledgement delayed by more than 50ms
7/6/2015:21:19:16: event acknowledgement delayed by more than 50ms
7/6/2015:21:54:40: default is not ready
7/6/2015:21:55:13: event acknowledgement delayed by more than 50ms
7/6/2015:21:55:17: event acknowledgement delayed by more than 50ms
7/6/2015:21:55:18: event acknowledgement delayed by more than 50ms
7/6/2015:21:59:7: event acknowledgement delayed by more than 50ms
7/6/2015:22:0:35: event acknowledgement delayed by more than 50ms
7/6/2015:22:0:40: event acknowledgement delayed by more than 50ms
7/6/2015:22:8:5: event acknowledgement delayed by more than 50ms
7/6/2015:22:8:11: event acknowledgement delayed by more than 50ms
7/6/2015:22:9:33: event acknowledgement delayed by more than 50ms
7/6/2015:22:11:22: event acknowledgement delayed by more than 50ms
7/6/2015:22:12:36: admin is not ready
7/6/2015:22:14:10: admin is not ready
7/6/2015:22:15:5: event acknowledgement delayed by more than 50ms
7/6/2015:22:15:14: event acknowledgement delayed by more than 50ms
7/6/2015:22:15:19: event acknowledgement delayed by more than 50ms
7/6/2015:22:17:26: event acknowledgement delayed by more than 50ms
7/6/2015:22:24:50: default is not ready
7/6/2015:22:25:17: event acknowledgement delayed by more than 50ms
7/6/2015:22:25:26: event acknowledgement delayed by more than 50ms
7/6/2015:22:25:31: event acknowledgement delayed by more than 50ms
7/6/2015:22:30:55: event acknowledgement delayed by more than 50ms
7/6/2015:22:31:4: event acknowledgement delayed by more than 50ms
7/6/2015:22:31:9: event acknowledgement delayed by more than 50ms
7/6/2015:22:31:10: event acknowledgement delayed by more than 50ms
7/6/2015:22:31:15: event acknowledgement delayed by more than 50ms
7/6/2015:22:34:42: admin is not ready
7/6/2015:22:35:16: event acknowledgement delayed by more than 50ms
7/6/2015:22:35:19: event acknowledgement delayed by more than 50ms
7/6/2015:22:35:23: event acknowledgement delayed by more than 50ms
7/6/2015:22:35:29: event acknowledgement delayed by more than 50ms
7/6/2015:22:35:33: event acknowledgement delayed by more than 50ms
7/6/2015:22:35:40: event acknowledgement delayed by more than 50ms
7/6/2015:22:35:41: event acknowledgement delayed by more than 50ms
7/6/2015:22:39:59: event acknowledgement delayed by more than 50ms
7/6/2015:22:40:11: event acknowledgement delayed by more than 50ms
7/6/2015:22:40:16: event acknowledgement delayed by more than 50ms
7/6/2015:22:40:23: event acknowledgement delayed by more than 50ms
7/6/2015:23:5:15: event acknowledgement delayed by more than 50ms
7/6/2015:23:5:17: event acknowledgement delayed by more than 50ms
7/6/2015:23:5:32: event acknowledgement delayed by more than 50ms
7/6/2015:23:5:38: event acknowledgement delayed by more than 50ms
7/6/2015:23:5:50: event acknowledgement delayed by more than 50ms
7/6/2015:23:8:52: event acknowledgement delayed by more than 50ms
7/6/2015:23:9:40: event acknowledgement delayed by more than 50ms
7/6/2015:23:9:46: event acknowledgement delayed by more than 50ms
7/6/2015:23:10:39: event acknowledgement delayed by more than 50ms
7/6/2015:23:10:45: event acknowledgement delayed by more than 50ms
7/6/2015:23:12:12: event acknowledgement delayed by more than 50ms
7/6/2015:23:13:38: event acknowledgement delayed by more than 50ms
7/6/2015:23:13:43: event acknowledgement delayed by more than 50ms
7/6/2015:23:15:5: event acknowledgement delayed by more than 50ms
7/6/2015:23:15:16: event acknowledgement delayed by more than 50ms
7/6/2015:23:16:32: event acknowledgement delayed by more than 50ms
7/6/2015:23:16:51: event acknowledgement delayed by more than 50ms
7/6/2015:23:32:39: event acknowledgement delayed by more than 50ms
9/6/2015:21:13:9: event acknowledgement delayed by more than 50ms
9/6/2015:21:13:12: event acknowledgement delayed by more than 50ms
9/6/2015:21:13:16: event acknowledgement delayed by more than 50ms
9/6/2015:21:13:19: event acknowledgement delayed by more than 50ms
9/6/2015:21:13:27: event acknowledgement delayed by more than 50ms
9/6/2015:21:13:30: event acknowledgement delayed by more than 50ms
9/6/2015:21:13:32: event acknowledgement delayed by more than 50ms
9/6/2015:21:13:33: event acknowledgement delayed by more than 50ms
9/6/2015:21:13:42: event acknowledgement delayed by more than 50ms
9/6/2015:22:3:13: axe is not ready
9/6/2015:22:3:53: event acknowledgement delayed by more than 50ms
9/6/2015:22:3:56: event acknowledgement delayed by more than 50ms
9/6/2015:22:3:56: event acknowledgement delayed by more than 50ms
9/6/2015:22:3:59: event acknowledgement delayed by more than 50ms
9/6/2015:22:4:2: event acknowledgement delayed by more than 50ms
9/6/2015:22:4:7: event acknowledgement delayed by more than 50ms
9/6/2015:22:4:11: event acknowledgement delayed by more than 50ms
9/6/2015:22:4:12: event acknowledgement delayed by more than 50ms
9/6/2015:22:4:14: event acknowledgement delayed by more than 50ms
9/6/2015:22:4:17: event acknowledgement delayed by more than 50ms
9/6/2015:22:4:23: event acknowledgement delayed by more than 50ms
9/6/2015:22:5:45: event acknowledgement delayed by more than 50ms
9/6/2015:22:5:47: event acknowledgement delayed by more than 50ms
9/6/2015:22:5:50: event acknowledgement delayed by more than 50ms
9/6/2015:22:5:57: event acknowledgement delayed by more than 50ms
9/6/2015:22:6:6: event acknowledgement delayed by more than 50ms
9/6/2015:22:6:13: event acknowledgement delayed by more than 50ms
9/6/2015:22:6:13: event acknowledgement delayed by more than 50ms
9/6/2015:22:6:23: event acknowledgement delayed by more than 50ms
9/6/2015:22:6:31: event acknowledgement delayed by more than 50ms
9/6/2015:22:7:34: event acknowledgement delayed by more than 50ms
9/6/2015:22:7:34: event acknowledgement delayed by more than 50ms
9/6/2015:22:7:37: event acknowledgement delayed by more than 50ms
9/6/2015:22:7:37: event acknowledgement delayed by more than 50ms
9/6/2015:22:7:41: event acknowledgement delayed by more than 50ms
9/6/2015:22:7:41: event acknowledgement delayed by more than 50ms
9/6/2015:22:7:57: event acknowledgement delayed by more than 50ms
9/6/2015:22:7:58: event acknowledgement delayed by more than 50ms
9/6/2015:22:8:5: event acknowledgement delayed by more than 50ms
9/6/2015:22:11:44: event acknowledgement delayed by more than 50ms
9/6/2015:22:11:47: event acknowledgement delayed by more than 50ms
9/6/2015:22:11:48: event acknowledgement delayed by more than 50ms
9/6/2015:22:11:54: event acknowledgement delayed by more than 50ms
9/6/2015:22:12:0: event acknowledgement delayed by more than 50ms
9/6/2015:22:12:3: event acknowledgement delayed by more than 50ms
9/6/2015:22:12:4: event acknowledgement delayed by more than 50ms
9/6/2015:22:12:11: event acknowledgement delayed by more than 50ms
9/6/2015:22:12:12: event acknowledgement delayed by more than 50ms
9/6/2015:22:12:21: event acknowledgement delayed by more than 50ms
9/6/2015:22:14:36: event acknowledgement delayed by more than 50ms
9/6/2015:22:14:36: event acknowledgement delayed by more than 50ms
9/6/2015:22:14:39: event acknowledgement delayed by more than 50ms
9/6/2015:22:14:39: event acknowledgement delayed by more than 50ms
9/6/2015:22:14:43: event acknowledgement delayed by more than 50ms
9/6/2015:22:14:56: event acknowledgement delayed by more than 50ms
9/6/2015:22:14:58: event acknowledgement delayed by more than 50ms
9/6/2015:22:14:59: event acknowledgement delayed by more than 50ms
9/6/2015:22:15:5: event acknowledgement delayed by more than 50ms
9/6/2015:22:15:6: event acknowledgement delayed by more than 50ms
9/6/2015:22:15:7: event acknowledgement delayed by more than 50ms
9/6/2015:22:15:16: event acknowledgement delayed by more than 50ms
9/6/2015:22:57:14: event acknowledgement delayed by more than 50ms
9/6/2015:22:57:16: event acknowledgement delayed by more than 50ms
9/6/2015:22:57:16: event acknowledgement delayed by more than 50ms
9/6/2015:22:57:20: event acknowledgement delayed by more than 50ms
9/6/2015:22:57:20: event acknowledgement delayed by more than 50ms
9/6/2015:22:57:22: event acknowledgement delayed by more than 50ms
9/6/2015:22:57:24: event acknowledgement delayed by more than 50ms
9/6/2015:23:0:22: event acknowledgement delayed by more than 50ms
9/6/2015:23:0:24: event acknowledgement delayed by more than 50ms
9/6/2015:23:0:24: event acknowledgement delayed by more than 50ms
9/6/2015:23:0:28: event acknowledgement delayed by more than 50ms
9/6/2015:23:0:30: event acknowledgement delayed by more than 50ms
9/6/2015:23:0:30: event acknowledgement delayed by more than 50ms
9/6/2015:23:0:32: event acknowledgement delayed by more than 50ms
9/6/2015:23:0:32: event acknowledgement delayed by more than 50ms
9/6/2015:23:3:49: event acknowledgement delayed by more than 50ms
9/6/2015:23:3:49: event acknowledgement delayed by more than 50ms
9/6/2015:23:3:51: event acknowledgement delayed by more than 50ms
9/6/2015:23:3:51: event acknowledgement delayed by more than 50ms
9/6/2015:23:3:53: event acknowledgement delayed by more than 50ms
9/6/2015:23:3:53: event acknowledgement delayed by more than 50ms
9/6/2015:23:3:55: event acknowledgement delayed by more than 50ms
9/6/2015:23:3:55: event acknowledgement delayed by more than 50ms
9/6/2015:23:3:57: event acknowledgement delayed by more than 50ms
9/6/2015:23:3:57: event acknowledgement delayed by more than 50ms
9/6/2015:23:3:59: event acknowledgement delayed by more than 50ms
9/6/2015:23:5:55: event acknowledgement delayed by more than 50ms
9/6/2015:23:5:55: event acknowledgement delayed by more than 50ms
9/6/2015:23:5:55: event acknowledgement delayed by more than 50ms
9/6/2015:23:5:57: event acknowledgement delayed by more than 50ms
9/6/2015:23:5:57: event acknowledgement delayed by more than 50ms
9/6/2015:23:5:57: event acknowledgement delayed by more than 50ms
9/6/2015:23:5:59: event acknowledgement delayed by more than 50ms
9/6/2015:23:5:59: event acknowledgement delayed by more than 50ms
9/6/2015:23:5:59: event acknowledgement delayed by more than 50ms
9/6/2015:23:6:1: event acknowledgement delayed by more than 50ms
9/6/2015:23:6:1: event acknowledgement delayed by more than 50ms
9/6/2015:23:6:1: event acknowledgement delayed by more than 50ms
9/6/2015:23:6:3: event acknowledgement delayed by more than 50ms
9/6/2015:23:6:3: event acknowledgement delayed by more than 50ms
9/6/2015:23:6:3: event acknowledgement delayed by more than 50ms
9/6/2015:23:6:5: event acknowledgement delayed by more than 50ms
9/6/2015:23:6:5: event acknowledgement delayed by more than 50ms
9/6/2015:23:6:5: event acknowledgement delayed by more than 50ms
